[2022-10-20 18:09:05] [INFO    ] discord.client: logging in using static token
[2022-10-20 18:09:05] [INFO    ] discord.Bot: set up hook
[2022-10-20 18:09:05] [INFO    ] discord.Bot: fun loaded
[2022-10-20 18:09:06] [INFO    ] discord.gateway: Shard ID None has connected to Gateway (Session ID: 50c1c1bf616627cd92a4bd29dddc1446).
[2022-10-20 18:09:06] [INFO    ] discord.Bot: bot connect
[2022-10-20 18:09:08] [INFO    ] discord.Bot: bot 卡姆百科#0368 is online
[2022-10-20 18:09:08] [INFO    ] discord.cog.fun: fun cog ready
[2022-10-20 18:11:52] [INFO    ] discord.client: logging in using static token
[2022-10-20 18:11:53] [INFO    ] discord.Bot: set up hook
[2022-10-20 18:11:53] [INFO    ] discord.Bot: fun loaded
[2022-10-20 18:11:53] [INFO    ] discord.gateway: Shard ID None has connected to Gateway (Session ID: ddfcde24a4152f51360479aa9345d819).
[2022-10-20 18:11:53] [INFO    ] discord.Bot: bot connect
[2022-10-20 18:11:55] [INFO    ] discord.Bot: bot 卡姆百科#0368 is online
[2022-10-20 18:11:55] [INFO    ] discord.cog.fun: fun cog ready
[2022-10-20 18:14:36] [INFO    ] discord.client: logging in using static token
[2022-10-20 18:14:36] [INFO    ] discord.Bot: set up hook
[2022-10-20 18:14:39] [INFO    ] discord.Bot: fun loaded
[2022-10-20 18:14:40] [INFO    ] discord.gateway: Shard ID None has connected to Gateway (Session ID: 86dd066e568e6c13e7e16a1b3bbd536b).
[2022-10-20 18:14:40] [INFO    ] discord.Bot: bot connect
[2022-10-20 18:14:42] [INFO    ] discord.Bot: wait 0.5s
[2022-10-20 18:14:42] [INFO    ] discord.cog.fun: fun cog ready
[2022-10-20 18:14:43] [INFO    ] discord.Bot: bot 卡姆百科#0368 is online
[2022-10-20 18:15:36] [INFO    ] discord.client: logging in using static token
[2022-10-20 18:15:37] [INFO    ] discord.Bot: set up hook
[2022-10-20 18:15:48] [INFO    ] discord.gateway: Shard ID None has connected to Gateway (Session ID: 0d1ae870d85d848eb414c576e27bd4bd).
[2022-10-20 18:15:48] [INFO    ] discord.Bot: bot connect
[2022-10-20 18:15:50] [INFO    ] discord.Bot: wait 0.5s
[2022-10-20 18:15:50] [INFO    ] discord.cog.fun: fun cog ready
[2022-10-20 18:15:50] [INFO    ] discord.Bot: bot 卡姆百科#0368 is online
